TN:
SF:app.js
FN:18,(anonymous_0)
FNF:1
FNH:0
FNDA:0,(anonymous_0)
DA:1,2
DA:2,2
DA:5,2
DA:6,2
DA:7,2
DA:8,2
DA:10,2
DA:11,2
DA:15,2
DA:16,2
DA:18,2
DA:19,0
DA:22,2
DA:28,2
LF:14
LH:13
BRDA:1,0,0,2
BRDA:1,0,1,0
BRDA:7,1,0,2
BRDA:7,1,1,0
BRF:4
BRH:2
end_of_record
TN:
SF:controllers/AuthController.js
FN:6,(anonymous_0)
FN:20,(anonymous_1)
FNF:2
FNH:2
FNDA:7,(anonymous_0)
FNDA:5,(anonymous_1)
DA:1,2
DA:2,2
DA:3,2
DA:7,7
DA:9,7
DA:10,7
DA:12,0
DA:13,0
DA:15,7
DA:16,7
DA:21,5
DA:22,5
DA:23,5
DA:24,5
DA:25,1
DA:29,4
DA:30,1
DA:35,3
DA:38,3
DA:39,3
DA:40,2
DA:45,1
DA:46,1
DA:47,0
DA:51,1
DA:53,1
DA:57,1
DA:59,1
DA:62,4
DA:63,4
DA:68,2
LF:31
LH:28
BRDA:24,0,0,1
BRDA:24,0,1,4
BRDA:29,1,0,1
BRDA:29,1,1,3
BRDA:39,2,0,2
BRDA:39,2,1,1
BRDA:46,3,0,0
BRDA:46,3,1,1
BRF:8
BRH:7
end_of_record
TN:
SF:controllers/HomeController.js
FN:6,(anonymous_0)
FN:16,(anonymous_1)
FN:36,(anonymous_2)
FN:70,(anonymous_3)
FNF:4
FNH:3
FNDA:1,(anonymous_0)
FNDA:1,(anonymous_1)
FNDA:1,(anonymous_2)
FNDA:0,(anonymous_3)
DA:1,2
DA:2,2
DA:7,1
DA:8,1
DA:9,1
DA:11,0
DA:12,0
DA:17,1
DA:19,1
DA:20,1
DA:27,0
DA:31,1
DA:32,1
DA:37,1
DA:38,1
DA:39,1
DA:41,1
DA:42,0
DA:50,1
DA:52,1
DA:59,1
DA:61,1
DA:65,0
DA:66,0
DA:71,0
DA:72,0
DA:73,0
DA:75,0
DA:76,0
DA:82,0
DA:87,0
DA:89,0
DA:90,0
DA:95,2
LF:34
LH:19
BRDA:41,0,0,0
BRDA:41,0,1,1
BRDA:75,1,0,0
BRDA:75,1,1,0
BRF:4
BRH:1
end_of_record
TN:
SF:helpers/bycrpt.js
FN:2,(anonymous_0)
FN:7,(anonymous_1)
FNF:2
FNH:2
FNDA:4,(anonymous_0)
FNDA:1,(anonymous_1)
DA:1,2
DA:2,2
DA:3,4
DA:4,4
DA:7,2
DA:8,1
DA:11,2
LF:7
LH:7
BRF:0
BRH:0
end_of_record
TN:
SF:helpers/jwt.js
FN:4,(anonymous_0)
FN:8,(anonymous_1)
FNF:2
FNH:2
FNDA:3,(anonymous_0)
FNDA:10,(anonymous_1)
DA:1,2
DA:2,2
DA:4,2
DA:5,3
DA:8,2
DA:9,10
DA:12,2
LF:7
LH:7
BRF:0
BRH:0
end_of_record
TN:
SF:middlewares/authen.js
FN:4,(anonymous_0)
FNF:1
FNH:1
FNDA:13,(anonymous_0)
DA:1,2
DA:2,2
DA:4,2
DA:5,13
DA:6,13
DA:7,13
DA:8,1
DA:13,12
DA:14,12
DA:15,2
DA:20,10
DA:21,0
DA:26,10
DA:28,10
DA:29,10
DA:30,0
DA:35,10
DA:37,10
DA:39,3
DA:40,3
DA:44,2
LF:21
LH:19
BRDA:7,0,0,1
BRDA:7,0,1,12
BRDA:14,1,0,2
BRDA:14,1,1,10
BRDA:20,2,0,0
BRDA:20,2,1,10
BRDA:29,3,0,0
BRDA:29,3,1,10
BRF:8
BRH:6
end_of_record
TN:
SF:middlewares/author.js
FN:3,(anonymous_0)
FN:17,(anonymous_1)
FNF:2
FNH:2
FNDA:7,(anonymous_0)
FNDA:2,(anonymous_1)
DA:1,2
DA:3,2
DA:4,7
DA:5,7
DA:6,0
DA:10,7
DA:12,0
DA:13,0
DA:17,2
DA:18,2
DA:19,2
DA:20,2
DA:23,2
DA:24,0
DA:25,0
DA:27,0
DA:28,0
DA:33,0
DA:34,0
DA:36,0
DA:42,0
DA:43,0
DA:47,2
LF:23
LH:11
BRDA:5,0,0,0
BRDA:5,0,1,7
BRDA:19,1,0,2
BRDA:19,1,1,0
BRDA:23,2,0,0
BRDA:23,2,1,2
BRDA:27,3,0,0
BRDA:27,3,1,0
BRDA:33,4,0,0
BRDA:33,4,1,0
BRF:10
BRH:3
end_of_record
TN:
SF:middlewares/errHandler.js
FN:1,(anonymous_0)
FNF:1
FNH:1
FNDA:15,(anonymous_0)
DA:1,2
DA:2,15
DA:5,8
DA:6,8
DA:9,1
DA:10,1
DA:13,1
DA:14,1
DA:17,2
DA:18,2
DA:21,3
DA:22,3
DA:25,0
DA:26,0
DA:29,0
DA:30,0
DA:33,0
DA:34,0
DA:37,0
DA:38,0
DA:41,0
DA:42,0
DA:43,0
DA:47,2
LF:24
LH:13
BRDA:2,0,0,3
BRDA:2,0,1,8
BRDA:2,0,2,1
BRDA:2,0,3,1
BRDA:2,0,4,2
BRDA:2,0,5,3
BRDA:2,0,6,0
BRDA:2,0,7,0
BRDA:2,0,8,0
BRDA:2,0,9,0
BRDA:2,0,10,0
BRF:11
BRH:6
end_of_record
TN:
SF:models/asset.js
FN:5,(anonymous_0)
FN:12,(anonymous_1)
FNF:2
FNH:2
FNDA:2,(anonymous_0)
FNDA:2,(anonymous_1)
DA:4,2
DA:5,2
DA:14,2
DA:19,2
DA:64,2
LF:5
LH:5
BRF:0
BRH:0
end_of_record
TN:
SF:models/index.js
FN:21,(anonymous_0)
FN:29,(anonymous_1)
FN:34,(anonymous_2)
FNF:3
FNH:3
FNDA:6,(anonymous_0)
FNDA:4,(anonymous_1)
FNDA:4,(anonymous_2)
DA:3,2
DA:4,2
DA:5,2
DA:6,2
DA:7,2
DA:8,2
DA:9,2
DA:10,2
DA:13,2
DA:14,0
DA:16,2
DA:19,2
DA:22,6
DA:30,4
DA:31,4
DA:34,2
DA:35,4
DA:36,4
DA:40,2
DA:41,2
DA:43,2
LF:21
LH:20
BRDA:8,0,0,2
BRDA:8,0,1,0
BRDA:13,1,0,0
BRDA:13,1,1,2
BRDA:23,2,0,6
BRDA:23,2,1,6
BRDA:23,2,2,4
BRDA:23,2,3,4
BRDA:35,3,0,4
BRDA:35,3,1,0
BRF:10
BRH:7
end_of_record
TN:
SF:models/user.js
FN:4,(anonymous_0)
FN:11,(anonymous_1)
FN:68,(anonymous_2)
FNF:3
FNH:3
FNDA:2,(anonymous_0)
FNDA:2,(anonymous_1)
FNDA:4,(anonymous_2)
DA:2,2
DA:3,2
DA:4,2
DA:13,2
DA:18,2
DA:68,2
DA:69,4
DA:71,2
LF:8
LH:8
BRF:0
BRH:0
end_of_record
TN:
SF:routers/index.js
FNF:0
FNH:0
DA:1,2
DA:2,2
DA:4,2
DA:5,2
DA:6,2
DA:7,2
DA:8,2
DA:11,2
DA:12,2
DA:13,2
DA:16,2
DA:17,2
DA:18,2
DA:19,2
DA:21,2
DA:23,2
LF:16
LH:16
BRF:0
BRH:0
end_of_record
